  CSF.cpp
  CSFDemo.cpp
  Cloth.cpp
f:\code\c++\csf01\cloth.cpp(269): warning C4267: “参数”: 从“size_t”转换到“const _Ty”，可能丢失数据
          with
          [
              _Ty=int
          ]
f:\code\c++\csf01\cloth.cpp(286): warning C4267: “参数”: 从“size_t”转换到“const _Ty”，可能丢失数据
          with
          [
              _Ty=int
          ]
f:\code\c++\csf01\cloth.cpp(303): warning C4267: “参数”: 从“size_t”转换到“const _Ty”，可能丢失数据
          with
          [
              _Ty=int
          ]
f:\code\c++\csf01\cloth.cpp(320): warning C4267: “参数”: 从“size_t”转换到“const _Ty”，可能丢失数据
          with
          [
              _Ty=int
          ]
  Constraint.cpp
  Particle.cpp
  Rasterization.cpp
f:\code\c++\csf01\rasterization.cpp(61): warning C4267: “初始化”: 从“size_t”转换到“int”，可能丢失数据
f:\code\c++\csf01\rasterization.cpp(86): warning C4267: “初始化”: 从“size_t”转换到“int”，可能丢失数据
f:\code\c++\csf01\rasterization.cpp(117): warning C4267: “参数”: 从“size_t”转换到“const _Ty”，可能丢失数据
          with
          [
              _Ty=int
          ]
  XYZReader.cpp
  c2cdist.cpp
f:\code\c++\csf01\c2cdist.cpp(56): warning C4267: “参数”: 从“size_t”转换到“const _Ty”，可能丢失数据
          with
          [
              _Ty=int
          ]
f:\code\c++\csf01\c2cdist.cpp(58): warning C4267: “参数”: 从“size_t”转换到“const _Ty”，可能丢失数据
          with
          [
              _Ty=int
          ]
  point_cloud.cpp
  正在生成代码
  1050 of 1100 functions (95.5%) were compiled, the rest were copied from previous compilation.
    0 functions were new in current compilation
    3 functions had inline decision re-evaluated but remain unchanged
  已完成代码的生成
  CSF01.vcxproj -> F:\code\C++\CSF01\x64\Release\CSF01.exe
