f:\code\c++\csf01\csf01\x64\release\vc141.pdb
f:\code\c++\csf01\csf01\x64\release\xyzreader.obj
f:\code\c++\csf01\csf01\x64\release\rasterization.obj
f:\code\c++\csf01\csf01\x64\release\point_cloud.obj
f:\code\c++\csf01\csf01\x64\release\particle.obj
f:\code\c++\csf01\csf01\x64\release\csf.obj
f:\code\c++\csf01\csf01\x64\release\constraint.obj
f:\code\c++\csf01\csf01\x64\release\cloth.obj
f:\code\c++\csf01\csf01\x64\release\c2cdist.obj
f:\code\c++\csf01\csf01\x64\release\csfdemo.obj
f:\code\c++\csf01\x64\release\csf01.ipdb
f:\code\c++\csf01\x64\release\csf01.iobj
f:\code\c++\csf01\x64\release\csf01.exe
f:\code\c++\csf01\x64\release\csf01.pdb
f:\code\c++\csf01\csf01\x64\release\csf01.tlog\cl.command.1.tlog
f:\code\c++\csf01\csf01\x64\release\csf01.tlog\cl.read.1.tlog
f:\code\c++\csf01\csf01\x64\release\csf01.tlog\cl.write.1.tlog
f:\code\c++\csf01\csf01\x64\release\csf01.tlog\csf01.write.1u.tlog
f:\code\c++\csf01\csf01\x64\release\csf01.tlog\link.command.1.tlog
f:\code\c++\csf01\csf01\x64\release\csf01.tlog\link.read.1.tlog
f:\code\c++\csf01\csf01\x64\release\csf01.tlog\link.write.1.tlog
